2025-06-23 18:57:44.841 WARN  [main] c.a.cloud.nacos.client.NacosPropertySourceBuilder - Ignore the empty nacos configuration and get it based on dataId[prompt.yaml] & group[DEFAULT_GROUP]
2025-06-23 18:57:44.843 INFO  [main] o.s.c.b.c.PropertySourceBootstrapConfiguration - Located property source: [BootstrapPropertySource {name='bootstrapProperties-prompt.yaml,DEFAULT_GROUP'}, BootstrapPropertySource {name='bootstrapProperties-prompt,DEFAULT_GROUP'}]
2025-06-23 18:57:44.860 INFO  [main] com.changgeng.prompt.PromptApplication - No active profile set, falling back to 1 default profile: "default"
2025-06-23 18:57:45.564 INFO  [main] o.springframework.cloud.context.scope.GenericScope - BeanFactory id=c675c3fd-7c4d-382e-9cbf-c502512efe10
2025-06-23 18:57:45.865 INFO  [main] o.s.boot.web.embedded.tomcat.TomcatWebServer - Tomcat initialized with port(s): 48012 (http)
2025-06-23 18:57:45.873 INFO  [main] org.apache.coyote.http11.Http11NioProtocol - Initializing ProtocolHandler ["http-nio-48012"]
2025-06-23 18:57:45.874 INFO  [main] org.apache.catalina.core.StandardService - Starting service [Tomcat]
2025-06-23 18:57:45.874 INFO  [main] org.apache.catalina.core.StandardEngine - Starting Servlet engine: [Apache Tomcat/9.0.62]
2025-06-23 18:57:46.097 INFO  [main] o.a.c.core.ContainerBase.[Tomcat].[localhost].[/] - Initializing Spring embedded WebApplicationContext
2025-06-23 18:57:46.099 INFO  [main] o.s.b.w.s.c.ServletWebServerApplicationContext - Root WebApplicationContext: initialization completed in 1201 ms
2025-06-23 18:57:52.419 INFO  [main] org.apache.coyote.http11.Http11NioProtocol - Starting ProtocolHandler ["http-nio-48012"]
2025-06-23 18:57:52.467 INFO  [main] o.s.boot.web.embedded.tomcat.TomcatWebServer - Tomcat started on port(s): 48012 (http) with context path ''
2025-06-23 18:57:52.540 INFO  [main] c.a.cloud.nacos.registry.NacosServiceRegistry - nacos registry, DEFAULT_GROUP prompt 192.168.0.58:48012 register finished
2025-06-23 18:57:52.573 INFO  [main] com.changgeng.prompt.PromptApplication - Started PromptApplication in 29.688 seconds (JVM running for 36.678)
2025-06-23 18:57:52.582 INFO  [main] c.a.cloud.nacos.refresh.NacosContextRefresher - listening config: dataId=prompt.yaml, group=DEFAULT_GROUP
2025-06-23 18:57:52.584 INFO  [main] c.a.cloud.nacos.refresh.NacosContextRefresher - listening config: dataId=prompt, group=DEFAULT_GROUP
2025-06-23 19:07:13.678 INFO  [http-nio-48012-exec-2] o.a.c.core.ContainerBase.[Tomcat].[localhost].[/] - Initializing Spring DispatcherServlet 'dispatcherServlet'
2025-06-23 19:07:13.683 INFO  [http-nio-48012-exec-2] org.springframework.web.servlet.DispatcherServlet - Initializing Servlet 'dispatcherServlet'
2025-06-23 19:07:13.717 INFO  [http-nio-48012-exec-2] org.springframework.web.servlet.DispatcherServlet - Completed initialization in 32 ms
2025-06-23 19:07:13.858 INFO  [http-nio-48012-exec-2] com.changgeng.prompt.service.ReadPromptService - 
2025-06-23 19:07:14.594 ERROR [http-nio-48012-exec-2] o.a.c.c.C.[.[localhost].[/].[dispatcherServlet] - Servlet.service() for servlet [dispatcherServlet] in context with path [] threw exception [Request processing failed; nested exception is feign.FeignException$Unauthorized: [401 Unauthorized] during [POST] to [https://api.coze.cn/v1/workflow/run] [CozeClient#generate(Object)]: []] with root cause
feign.FeignException$Unauthorized: [401 Unauthorized] during [POST] to [https://api.coze.cn/v1/workflow/run] [CozeClient#generate(Object)]: []
	at feign.FeignException.clientErrorStatus(FeignException.java:215)
	at feign.FeignException.errorStatus(FeignException.java:194)
	at feign.FeignException.errorStatus(FeignException.java:185)
	at feign.codec.ErrorDecoder$Default.decode(ErrorDecoder.java:92)
	at feign.AsyncResponseHandler.handleResponse(AsyncResponseHandler.java:96)
	at feign.SynchronousMethodHandler.executeAndDecode(SynchronousMethodHandler.java:138)
	at feign.SynchronousMethodHandler.invoke(SynchronousMethodHandler.java:89)
	at feign.ReflectiveFeign$FeignInvocationHandler.invoke(ReflectiveFeign.java:100)
	at com.sun.proxy.$Proxy76.generate(Unknown Source)
	at com.changgeng.prompt.service.ReadPromptService.getTitleByStr(ReadPromptService.java:83)
	at com.changgeng.prompt.service.ReadPromptService.getTitle(ReadPromptService.java:66)
	at com.changgeng.prompt.controller.PromptController.titleGenerate(PromptController.java:56)
	at sun.reflect.NativeMethodAccessorImpl.invoke0(Native Method)
	at sun.reflect.NativeMethodAccessorImpl.invoke(NativeMethodAccessorImpl.java:62)
	at sun.reflect.DelegatingMethodAccessorImpl.invoke(DelegatingMethodAccessorImpl.java:43)
	at java.lang.reflect.Method.invoke(Method.java:498)
	at org.springframework.web.method.support.InvocableHandlerMethod.doInvoke(InvocableHandlerMethod.java:205)
	at org.springframework.web.method.support.InvocableHandlerMethod.invokeForRequest(InvocableHandlerMethod.java:150)
	at org.springframework.web.servlet.mvc.method.annotation.ServletInvocableHandlerMethod.invokeAndHandle(ServletInvocableHandlerMethod.java:117)
	at org.springframework.web.servlet.mvc.method.annotation.RequestMappingHandlerAdapter.invokeHandlerMethod(RequestMappingHandlerAdapter.java:895)
	at org.springframework.web.servlet.mvc.method.annotation.RequestMappingHandlerAdapter.handleInternal(RequestMappingHandlerAdapter.java:808)
	at org.springframework.web.servlet.mvc.method.AbstractHandlerMethodAdapter.handle(AbstractHandlerMethodAdapter.java:87)
	at org.springframework.web.servlet.DispatcherServlet.doDispatch(DispatcherServlet.java:1067)
	at org.springframework.web.servlet.DispatcherServlet.doService(DispatcherServlet.java:963)
	at org.springframework.web.servlet.FrameworkServlet.processRequest(FrameworkServlet.java:1006)
	at org.springframework.web.servlet.FrameworkServlet.doPost(FrameworkServlet.java:909)
	at javax.servlet.http.HttpServlet.service(HttpServlet.java:681)
	at org.springframework.web.servlet.FrameworkServlet.service(FrameworkServlet.java:883)
	at javax.servlet.http.HttpServlet.service(HttpServlet.java:764)
	at org.apache.catalina.core.ApplicationFilterChain.internalDoFilter(ApplicationFilterChain.java:227)
	at org.apache.catalina.core.ApplicationFilterChain.doFilter(ApplicationFilterChain.java:162)
	at org.apache.tomcat.websocket.server.WsFilter.doFilter(WsFilter.java:53)
	at org.apache.catalina.core.ApplicationFilterChain.internalDoFilter(ApplicationFilterChain.java:189)
	at org.apache.catalina.core.ApplicationFilterChain.doFilter(ApplicationFilterChain.java:162)
	at org.springframework.web.filter.RequestContextFilter.doFilterInternal(RequestContextFilter.java:100)
	at org.springframework.web.filter.OncePerRequestFilter.doFilter(OncePerRequestFilter.java:117)
	at org.apache.catalina.core.ApplicationFilterChain.internalDoFilter(ApplicationFilterChain.java:189)
	at org.apache.catalina.core.ApplicationFilterChain.doFilter(ApplicationFilterChain.java:162)
	at org.springframework.web.filter.FormContentFilter.doFilterInternal(FormContentFilter.java:93)
	at org.springframework.web.filter.OncePerRequestFilter.doFilter(OncePerRequestFilter.java:117)
	at org.apache.catalina.core.ApplicationFilterChain.internalDoFilter(ApplicationFilterChain.java:189)
	at org.apache.catalina.core.ApplicationFilterChain.doFilter(ApplicationFilterChain.java:162)
	at org.springframework.web.filter.CharacterEncodingFilter.doFilterInternal(CharacterEncodingFilter.java:201)
	at org.springframework.web.filter.OncePerRequestFilter.doFilter(OncePerRequestFilter.java:117)
	at org.apache.catalina.core.ApplicationFilterChain.internalDoFilter(ApplicationFilterChain.java:189)
	at org.apache.catalina.core.ApplicationFilterChain.doFilter(ApplicationFilterChain.java:162)
	at org.apache.catalina.core.StandardWrapperValve.invoke(StandardWrapperValve.java:197)
	at org.apache.catalina.core.StandardContextValve.invoke(StandardContextValve.java:97)
	at org.apache.catalina.authenticator.AuthenticatorBase.invoke(AuthenticatorBase.java:541)
	at org.apache.catalina.core.StandardHostValve.invoke(StandardHostValve.java:135)
	at org.apache.catalina.valves.ErrorReportValve.invoke(ErrorReportValve.java:92)
	at org.apache.catalina.core.StandardEngineValve.invoke(StandardEngineValve.java:78)
	at org.apache.catalina.connector.CoyoteAdapter.service(CoyoteAdapter.java:360)
	at org.apache.coyote.http11.Http11Processor.service(Http11Processor.java:399)
	at org.apache.coyote.AbstractProcessorLight.process(AbstractProcessorLight.java:65)
	at org.apache.coyote.AbstractProtocol$ConnectionHandler.process(AbstractProtocol.java:890)
	at org.apache.tomcat.util.net.NioEndpoint$SocketProcessor.doRun(NioEndpoint.java:1743)
	at org.apache.tomcat.util.net.SocketProcessorBase.run(SocketProcessorBase.java:49)
	at org.apache.tomcat.util.threads.ThreadPoolExecutor.runWorker(ThreadPoolExecutor.java:1191)
	at org.apache.tomcat.util.threads.ThreadPoolExecutor$Worker.run(ThreadPoolExecutor.java:659)
	at org.apache.tomcat.util.threads.TaskThread$WrappingRunnable.run(TaskThread.java:61)
	at java.lang.Thread.run(Thread.java:750)
2025-06-23 19:08:22.951 WARN  [Thread-60] com.alibaba.nacos.common.notify.NotifyCenter - [NotifyCenter] Start destroying Publisher
2025-06-23 19:08:22.951 WARN  [Thread-24] com.alibaba.nacos.common.http.HttpClientBeanHolder - [HttpClientBeanHolder] Start destroying common HttpClient
2025-06-23 19:08:22.968 WARN  [Thread-60] com.alibaba.nacos.common.notify.NotifyCenter - [NotifyCenter] Destruction of the end
2025-06-23 19:08:22.986 WARN  [Thread-24] com.alibaba.nacos.common.http.HttpClientBeanHolder - [HttpClientBeanHolder] Destruction of the end
2025-06-23 19:08:24.127 INFO  [SpringApplicationShutdownHook] c.a.cloud.nacos.registry.NacosServiceRegistry - De-registering from Nacos Server now...
2025-06-23 19:08:24.179 INFO  [SpringApplicationShutdownHook] c.a.cloud.nacos.registry.NacosServiceRegistry - De-registration finished.
2025-06-23 19:09:15.527 WARN  [main] c.a.cloud.nacos.client.NacosPropertySourceBuilder - Ignore the empty nacos configuration and get it based on dataId[prompt.yaml] & group[DEFAULT_GROUP]
2025-06-23 19:09:15.530 INFO  [main] o.s.c.b.c.PropertySourceBootstrapConfiguration - Located property source: [BootstrapPropertySource {name='bootstrapProperties-prompt.yaml,DEFAULT_GROUP'}, BootstrapPropertySource {name='bootstrapProperties-prompt,DEFAULT_GROUP'}]
2025-06-23 19:09:15.556 INFO  [main] com.changgeng.prompt.PromptApplication - No active profile set, falling back to 1 default profile: "default"
2025-06-23 19:09:16.202 INFO  [main] o.springframework.cloud.context.scope.GenericScope - BeanFactory id=c675c3fd-7c4d-382e-9cbf-c502512efe10
2025-06-23 19:09:16.494 INFO  [main] o.s.boot.web.embedded.tomcat.TomcatWebServer - Tomcat initialized with port(s): 48012 (http)
2025-06-23 19:09:16.501 INFO  [main] org.apache.coyote.http11.Http11NioProtocol - Initializing ProtocolHandler ["http-nio-48012"]
2025-06-23 19:09:16.502 INFO  [main] org.apache.catalina.core.StandardService - Starting service [Tomcat]
2025-06-23 19:09:16.502 INFO  [main] org.apache.catalina.core.StandardEngine - Starting Servlet engine: [Apache Tomcat/9.0.62]
2025-06-23 19:09:16.703 INFO  [main] o.a.c.core.ContainerBase.[Tomcat].[localhost].[/] - Initializing Spring embedded WebApplicationContext
2025-06-23 19:09:16.705 INFO  [main] o.s.b.w.s.c.ServletWebServerApplicationContext - Root WebApplicationContext: initialization completed in 1116 ms
2025-06-23 19:09:22.830 INFO  [main] org.apache.coyote.http11.Http11NioProtocol - Starting ProtocolHandler ["http-nio-48012"]
2025-06-23 19:09:22.883 INFO  [main] o.s.boot.web.embedded.tomcat.TomcatWebServer - Tomcat started on port(s): 48012 (http) with context path ''
2025-06-23 19:09:22.919 INFO  [main] c.a.cloud.nacos.registry.NacosServiceRegistry - nacos registry, DEFAULT_GROUP prompt 192.168.0.58:48012 register finished
2025-06-23 19:09:22.953 INFO  [main] com.changgeng.prompt.PromptApplication - Started PromptApplication in 29.499 seconds (JVM running for 35.751)
2025-06-23 19:09:22.963 INFO  [main] c.a.cloud.nacos.refresh.NacosContextRefresher - listening config: dataId=prompt.yaml, group=DEFAULT_GROUP
2025-06-23 19:09:22.965 INFO  [main] c.a.cloud.nacos.refresh.NacosContextRefresher - listening config: dataId=prompt, group=DEFAULT_GROUP
2025-06-23 19:10:25.782 WARN  [Thread-60] com.alibaba.nacos.common.notify.NotifyCenter - [NotifyCenter] Start destroying Publisher
2025-06-23 19:10:25.782 WARN  [Thread-25] com.alibaba.nacos.common.http.HttpClientBeanHolder - [HttpClientBeanHolder] Start destroying common HttpClient
2025-06-23 19:10:25.800 WARN  [Thread-60] com.alibaba.nacos.common.notify.NotifyCenter - [NotifyCenter] Destruction of the end
2025-06-23 19:10:25.804 WARN  [Thread-25] com.alibaba.nacos.common.http.HttpClientBeanHolder - [HttpClientBeanHolder] Destruction of the end
2025-06-23 19:10:26.891 INFO  [SpringApplicationShutdownHook] c.a.cloud.nacos.registry.NacosServiceRegistry - De-registering from Nacos Server now...
2025-06-23 19:10:26.940 INFO  [SpringApplicationShutdownHook] c.a.cloud.nacos.registry.NacosServiceRegistry - De-registration finished.
2025-06-23 19:11:15.367 WARN  [main] c.a.cloud.nacos.client.NacosPropertySourceBuilder - Ignore the empty nacos configuration and get it based on dataId[prompt.yaml] & group[DEFAULT_GROUP]
2025-06-23 19:11:15.370 INFO  [main] o.s.c.b.c.PropertySourceBootstrapConfiguration - Located property source: [BootstrapPropertySource {name='bootstrapProperties-prompt.yaml,DEFAULT_GROUP'}, BootstrapPropertySource {name='bootstrapProperties-prompt,DEFAULT_GROUP'}]
2025-06-23 19:11:15.384 INFO  [main] com.changgeng.prompt.PromptApplication - No active profile set, falling back to 1 default profile: "default"
2025-06-23 19:11:16.084 INFO  [main] o.springframework.cloud.context.scope.GenericScope - BeanFactory id=c675c3fd-7c4d-382e-9cbf-c502512efe10
2025-06-23 19:11:16.389 INFO  [main] o.s.boot.web.embedded.tomcat.TomcatWebServer - Tomcat initialized with port(s): 48012 (http)
2025-06-23 19:11:16.396 INFO  [main] org.apache.coyote.http11.Http11NioProtocol - Initializing ProtocolHandler ["http-nio-48012"]
2025-06-23 19:11:16.396 INFO  [main] org.apache.catalina.core.StandardService - Starting service [Tomcat]
2025-06-23 19:11:16.397 INFO  [main] org.apache.catalina.core.StandardEngine - Starting Servlet engine: [Apache Tomcat/9.0.62]
2025-06-23 19:11:16.610 INFO  [main] o.a.c.core.ContainerBase.[Tomcat].[localhost].[/] - Initializing Spring embedded WebApplicationContext
2025-06-23 19:11:16.612 INFO  [main] o.s.b.w.s.c.ServletWebServerApplicationContext - Root WebApplicationContext: initialization completed in 1187 ms
2025-06-23 19:11:22.641 INFO  [main] org.apache.coyote.http11.Http11NioProtocol - Starting ProtocolHandler ["http-nio-48012"]
2025-06-23 19:11:22.686 INFO  [main] o.s.boot.web.embedded.tomcat.TomcatWebServer - Tomcat started on port(s): 48012 (http) with context path ''
2025-06-23 19:11:22.723 INFO  [main] c.a.cloud.nacos.registry.NacosServiceRegistry - nacos registry, DEFAULT_GROUP prompt 192.168.0.58:48012 register finished
2025-06-23 19:11:22.760 INFO  [main] com.changgeng.prompt.PromptApplication - Started PromptApplication in 29.117 seconds (JVM running for 35.429)
2025-06-23 19:11:22.772 INFO  [main] c.a.cloud.nacos.refresh.NacosContextRefresher - listening config: dataId=prompt.yaml, group=DEFAULT_GROUP
2025-06-23 19:11:22.774 INFO  [main] c.a.cloud.nacos.refresh.NacosContextRefresher - listening config: dataId=prompt, group=DEFAULT_GROUP
2025-06-23 19:11:45.156 INFO  [http-nio-48012-exec-1] o.a.c.core.ContainerBase.[Tomcat].[localhost].[/] - Initializing Spring DispatcherServlet 'dispatcherServlet'
2025-06-23 19:11:45.159 INFO  [http-nio-48012-exec-1] org.springframework.web.servlet.DispatcherServlet - Initializing Servlet 'dispatcherServlet'
2025-06-23 19:11:45.168 INFO  [http-nio-48012-exec-1] org.springframework.web.servlet.DispatcherServlet - Completed initialization in 8 ms
2025-06-23 19:11:45.265 ERROR [http-nio-48012-exec-1] o.a.c.c.C.[.[localhost].[/].[dispatcherServlet] - Servlet.service() for servlet [dispatcherServlet] in context with path [] threw exception [Request processing failed; nested exception is java.lang.NullPointerException] with root cause
java.lang.NullPointerException: null
	at java.util.regex.Matcher.getTextLength(Matcher.java:1283)
	at java.util.regex.Matcher.reset(Matcher.java:309)
	at java.util.regex.Matcher.<init>(Matcher.java:229)
	at java.util.regex.Pattern.matcher(Pattern.java:1093)
	at java.util.Formatter.parse(Formatter.java:2547)
	at java.util.Formatter.format(Formatter.java:2501)
	at java.util.Formatter.format(Formatter.java:2455)
	at java.lang.String.format(String.java:2940)
	at com.changgeng.prompt.service.ReadPromptService.getTitleByStr(ReadPromptService.java:73)
	at com.changgeng.prompt.service.ReadPromptService.getTitle(ReadPromptService.java:66)
	at com.changgeng.prompt.controller.PromptController.titleGenerate(PromptController.java:56)
	at sun.reflect.NativeMethodAccessorImpl.invoke0(Native Method)
	at sun.reflect.NativeMethodAccessorImpl.invoke(NativeMethodAccessorImpl.java:62)
	at sun.reflect.DelegatingMethodAccessorImpl.invoke(DelegatingMethodAccessorImpl.java:43)
	at java.lang.reflect.Method.invoke(Method.java:498)
	at org.springframework.web.method.support.InvocableHandlerMethod.doInvoke(InvocableHandlerMethod.java:205)
	at org.springframework.web.method.support.InvocableHandlerMethod.invokeForRequest(InvocableHandlerMethod.java:150)
	at org.springframework.web.servlet.mvc.method.annotation.ServletInvocableHandlerMethod.invokeAndHandle(ServletInvocableHandlerMethod.java:117)
	at org.springframework.web.servlet.mvc.method.annotation.RequestMappingHandlerAdapter.invokeHandlerMethod(RequestMappingHandlerAdapter.java:895)
	at org.springframework.web.servlet.mvc.method.annotation.RequestMappingHandlerAdapter.handleInternal(RequestMappingHandlerAdapter.java:808)
	at org.springframework.web.servlet.mvc.method.AbstractHandlerMethodAdapter.handle(AbstractHandlerMethodAdapter.java:87)
	at org.springframework.web.servlet.DispatcherServlet.doDispatch(DispatcherServlet.java:1067)
	at org.springframework.web.servlet.DispatcherServlet.doService(DispatcherServlet.java:963)
	at org.springframework.web.servlet.FrameworkServlet.processRequest(FrameworkServlet.java:1006)
	at org.springframework.web.servlet.FrameworkServlet.doPost(FrameworkServlet.java:909)
	at javax.servlet.http.HttpServlet.service(HttpServlet.java:681)
	at org.springframework.web.servlet.FrameworkServlet.service(FrameworkServlet.java:883)
	at javax.servlet.http.HttpServlet.service(HttpServlet.java:764)
	at org.apache.catalina.core.ApplicationFilterChain.internalDoFilter(ApplicationFilterChain.java:227)
	at org.apache.catalina.core.ApplicationFilterChain.doFilter(ApplicationFilterChain.java:162)
	at org.apache.tomcat.websocket.server.WsFilter.doFilter(WsFilter.java:53)
	at org.apache.catalina.core.ApplicationFilterChain.internalDoFilter(ApplicationFilterChain.java:189)
	at org.apache.catalina.core.ApplicationFilterChain.doFilter(ApplicationFilterChain.java:162)
	at org.springframework.web.filter.RequestContextFilter.doFilterInternal(RequestContextFilter.java:100)
	at org.springframework.web.filter.OncePerRequestFilter.doFilter(OncePerRequestFilter.java:117)
	at org.apache.catalina.core.ApplicationFilterChain.internalDoFilter(ApplicationFilterChain.java:189)
	at org.apache.catalina.core.ApplicationFilterChain.doFilter(ApplicationFilterChain.java:162)
	at org.springframework.web.filter.FormContentFilter.doFilterInternal(FormContentFilter.java:93)
	at org.springframework.web.filter.OncePerRequestFilter.doFilter(OncePerRequestFilter.java:117)
	at org.apache.catalina.core.ApplicationFilterChain.internalDoFilter(ApplicationFilterChain.java:189)
	at org.apache.catalina.core.ApplicationFilterChain.doFilter(ApplicationFilterChain.java:162)
	at org.springframework.web.filter.CharacterEncodingFilter.doFilterInternal(CharacterEncodingFilter.java:201)
	at org.springframework.web.filter.OncePerRequestFilter.doFilter(OncePerRequestFilter.java:117)
	at org.apache.catalina.core.ApplicationFilterChain.internalDoFilter(ApplicationFilterChain.java:189)
	at org.apache.catalina.core.ApplicationFilterChain.doFilter(ApplicationFilterChain.java:162)
	at org.apache.catalina.core.StandardWrapperValve.invoke(StandardWrapperValve.java:197)
	at org.apache.catalina.core.StandardContextValve.invoke(StandardContextValve.java:97)
	at org.apache.catalina.authenticator.AuthenticatorBase.invoke(AuthenticatorBase.java:541)
	at org.apache.catalina.core.StandardHostValve.invoke(StandardHostValve.java:135)
	at org.apache.catalina.valves.ErrorReportValve.invoke(ErrorReportValve.java:92)
	at org.apache.catalina.core.StandardEngineValve.invoke(StandardEngineValve.java:78)
	at org.apache.catalina.connector.CoyoteAdapter.service(CoyoteAdapter.java:360)
	at org.apache.coyote.http11.Http11Processor.service(Http11Processor.java:399)
	at org.apache.coyote.AbstractProcessorLight.process(AbstractProcessorLight.java:65)
	at org.apache.coyote.AbstractProtocol$ConnectionHandler.process(AbstractProtocol.java:890)
	at org.apache.tomcat.util.net.NioEndpoint$SocketProcessor.doRun(NioEndpoint.java:1743)
	at org.apache.tomcat.util.net.SocketProcessorBase.run(SocketProcessorBase.java:49)
	at org.apache.tomcat.util.threads.ThreadPoolExecutor.runWorker(ThreadPoolExecutor.java:1191)
	at org.apache.tomcat.util.threads.ThreadPoolExecutor$Worker.run(ThreadPoolExecutor.java:659)
	at org.apache.tomcat.util.threads.TaskThread$WrappingRunnable.run(TaskThread.java:61)
	at java.lang.Thread.run(Thread.java:750)
2025-06-23 19:12:21.548 WARN  [Thread-59] com.alibaba.nacos.common.notify.NotifyCenter - [NotifyCenter] Start destroying Publisher
2025-06-23 19:12:21.548 WARN  [Thread-24] com.alibaba.nacos.common.http.HttpClientBeanHolder - [HttpClientBeanHolder] Start destroying common HttpClient
2025-06-23 19:12:21.560 WARN  [Thread-59] com.alibaba.nacos.common.notify.NotifyCenter - [NotifyCenter] Destruction of the end
2025-06-23 19:12:21.562 WARN  [Thread-24] com.alibaba.nacos.common.http.HttpClientBeanHolder - [HttpClientBeanHolder] Destruction of the end
2025-06-23 19:12:22.654 INFO  [SpringApplicationShutdownHook] c.a.cloud.nacos.registry.NacosServiceRegistry - De-registering from Nacos Server now...
2025-06-23 19:12:22.680 INFO  [SpringApplicationShutdownHook] c.a.cloud.nacos.registry.NacosServiceRegistry - De-registration finished.
2025-06-23 19:13:08.314 WARN  [main] c.a.cloud.nacos.client.NacosPropertySourceBuilder - Ignore the empty nacos configuration and get it based on dataId[prompt.yaml] & group[DEFAULT_GROUP]
2025-06-23 19:13:08.319 INFO  [main] o.s.c.b.c.PropertySourceBootstrapConfiguration - Located property source: [BootstrapPropertySource {name='bootstrapProperties-prompt.yaml,DEFAULT_GROUP'}, BootstrapPropertySource {name='bootstrapProperties-prompt,DEFAULT_GROUP'}]
2025-06-23 19:13:08.338 INFO  [main] com.changgeng.prompt.PromptApplication - No active profile set, falling back to 1 default profile: "default"
2025-06-23 19:13:09.349 INFO  [main] o.springframework.cloud.context.scope.GenericScope - BeanFactory id=c675c3fd-7c4d-382e-9cbf-c502512efe10
2025-06-23 19:13:09.703 INFO  [main] o.s.boot.web.embedded.tomcat.TomcatWebServer - Tomcat initialized with port(s): 48012 (http)
2025-06-23 19:13:09.711 INFO  [main] org.apache.coyote.http11.Http11NioProtocol - Initializing ProtocolHandler ["http-nio-48012"]
2025-06-23 19:13:09.712 INFO  [main] org.apache.catalina.core.StandardService - Starting service [Tomcat]
2025-06-23 19:13:09.712 INFO  [main] org.apache.catalina.core.StandardEngine - Starting Servlet engine: [Apache Tomcat/9.0.62]
2025-06-23 19:13:09.972 INFO  [main] o.a.c.core.ContainerBase.[Tomcat].[localhost].[/] - Initializing Spring embedded WebApplicationContext
2025-06-23 19:13:09.973 INFO  [main] o.s.b.w.s.c.ServletWebServerApplicationContext - Root WebApplicationContext: initialization completed in 1607 ms
2025-06-23 19:13:16.257 INFO  [main] org.apache.coyote.http11.Http11NioProtocol - Starting ProtocolHandler ["http-nio-48012"]
2025-06-23 19:13:16.330 INFO  [main] o.s.boot.web.embedded.tomcat.TomcatWebServer - Tomcat started on port(s): 48012 (http) with context path ''
2025-06-23 19:13:16.385 INFO  [main] c.a.cloud.nacos.registry.NacosServiceRegistry - nacos registry, DEFAULT_GROUP prompt 192.168.0.58:48012 register finished
2025-06-23 19:13:16.444 INFO  [main] com.changgeng.prompt.PromptApplication - Started PromptApplication in 29.947 seconds (JVM running for 35.949)
2025-06-23 19:13:16.469 INFO  [main] c.a.cloud.nacos.refresh.NacosContextRefresher - listening config: dataId=prompt.yaml, group=DEFAULT_GROUP
2025-06-23 19:13:16.487 INFO  [main] c.a.cloud.nacos.refresh.NacosContextRefresher - listening config: dataId=prompt, group=DEFAULT_GROUP
2025-06-23 19:13:47.830 INFO  [http-nio-48012-exec-1] o.a.c.core.ContainerBase.[Tomcat].[localhost].[/] - Initializing Spring DispatcherServlet 'dispatcherServlet'
2025-06-23 19:13:47.836 INFO  [http-nio-48012-exec-1] org.springframework.web.servlet.DispatcherServlet - Initializing Servlet 'dispatcherServlet'
2025-06-23 19:13:47.845 INFO  [http-nio-48012-exec-1] org.springframework.web.servlet.DispatcherServlet - Completed initialization in 8 ms
2025-06-23 19:14:34.969 ERROR [http-nio-48012-exec-1] o.a.c.c.C.[.[localhost].[/].[dispatcherServlet] - Servlet.service() for servlet [dispatcherServlet] in context with path [] threw exception [Request processing failed; nested exception is java.lang.NullPointerException] with root cause
java.lang.NullPointerException: null
	at com.changgeng.prompt.controller.PromptController.titleGenerate(PromptController.java:59)
	at sun.reflect.NativeMethodAccessorImpl.invoke0(Native Method)
	at sun.reflect.NativeMethodAccessorImpl.invoke(NativeMethodAccessorImpl.java:62)
	at sun.reflect.DelegatingMethodAccessorImpl.invoke(DelegatingMethodAccessorImpl.java:43)
	at java.lang.reflect.Method.invoke(Method.java:498)
	at org.springframework.web.method.support.InvocableHandlerMethod.doInvoke(InvocableHandlerMethod.java:205)
	at org.springframework.web.method.support.InvocableHandlerMethod.invokeForRequest(InvocableHandlerMethod.java:150)
	at org.springframework.web.servlet.mvc.method.annotation.ServletInvocableHandlerMethod.invokeAndHandle(ServletInvocableHandlerMethod.java:117)
	at org.springframework.web.servlet.mvc.method.annotation.RequestMappingHandlerAdapter.invokeHandlerMethod(RequestMappingHandlerAdapter.java:895)
	at org.springframework.web.servlet.mvc.method.annotation.RequestMappingHandlerAdapter.handleInternal(RequestMappingHandlerAdapter.java:808)
	at org.springframework.web.servlet.mvc.method.AbstractHandlerMethodAdapter.handle(AbstractHandlerMethodAdapter.java:87)
	at org.springframework.web.servlet.DispatcherServlet.doDispatch(DispatcherServlet.java:1067)
	at org.springframework.web.servlet.DispatcherServlet.doService(DispatcherServlet.java:963)
	at org.springframework.web.servlet.FrameworkServlet.processRequest(FrameworkServlet.java:1006)
	at org.springframework.web.servlet.FrameworkServlet.doPost(FrameworkServlet.java:909)
	at javax.servlet.http.HttpServlet.service(HttpServlet.java:681)
	at org.springframework.web.servlet.FrameworkServlet.service(FrameworkServlet.java:883)
	at javax.servlet.http.HttpServlet.service(HttpServlet.java:764)
	at org.apache.catalina.core.ApplicationFilterChain.internalDoFilter(ApplicationFilterChain.java:227)
	at org.apache.catalina.core.ApplicationFilterChain.doFilter(ApplicationFilterChain.java:162)
	at org.apache.tomcat.websocket.server.WsFilter.doFilter(WsFilter.java:53)
	at org.apache.catalina.core.ApplicationFilterChain.internalDoFilter(ApplicationFilterChain.java:189)
	at org.apache.catalina.core.ApplicationFilterChain.doFilter(ApplicationFilterChain.java:162)
	at org.springframework.web.filter.RequestContextFilter.doFilterInternal(RequestContextFilter.java:100)
	at org.springframework.web.filter.OncePerRequestFilter.doFilter(OncePerRequestFilter.java:117)
	at org.apache.catalina.core.ApplicationFilterChain.internalDoFilter(ApplicationFilterChain.java:189)
	at org.apache.catalina.core.ApplicationFilterChain.doFilter(ApplicationFilterChain.java:162)
	at org.springframework.web.filter.FormContentFilter.doFilterInternal(FormContentFilter.java:93)
	at org.springframework.web.filter.OncePerRequestFilter.doFilter(OncePerRequestFilter.java:117)
	at org.apache.catalina.core.ApplicationFilterChain.internalDoFilter(ApplicationFilterChain.java:189)
	at org.apache.catalina.core.ApplicationFilterChain.doFilter(ApplicationFilterChain.java:162)
	at org.springframework.web.filter.CharacterEncodingFilter.doFilterInternal(CharacterEncodingFilter.java:201)
	at org.springframework.web.filter.OncePerRequestFilter.doFilter(OncePerRequestFilter.java:117)
	at org.apache.catalina.core.ApplicationFilterChain.internalDoFilter(ApplicationFilterChain.java:189)
	at org.apache.catalina.core.ApplicationFilterChain.doFilter(ApplicationFilterChain.java:162)
	at org.apache.catalina.core.StandardWrapperValve.invoke(StandardWrapperValve.java:197)
	at org.apache.catalina.core.StandardContextValve.invoke(StandardContextValve.java:97)
	at org.apache.catalina.authenticator.AuthenticatorBase.invoke(AuthenticatorBase.java:541)
	at org.apache.catalina.core.StandardHostValve.invoke(StandardHostValve.java:135)
	at org.apache.catalina.valves.ErrorReportValve.invoke(ErrorReportValve.java:92)
	at org.apache.catalina.core.StandardEngineValve.invoke(StandardEngineValve.java:78)
	at org.apache.catalina.connector.CoyoteAdapter.service(CoyoteAdapter.java:360)
	at org.apache.coyote.http11.Http11Processor.service(Http11Processor.java:399)
	at org.apache.coyote.AbstractProcessorLight.process(AbstractProcessorLight.java:65)
	at org.apache.coyote.AbstractProtocol$ConnectionHandler.process(AbstractProtocol.java:890)
	at org.apache.tomcat.util.net.NioEndpoint$SocketProcessor.doRun(NioEndpoint.java:1743)
	at org.apache.tomcat.util.net.SocketProcessorBase.run(SocketProcessorBase.java:49)
	at org.apache.tomcat.util.threads.ThreadPoolExecutor.runWorker(ThreadPoolExecutor.java:1191)
	at org.apache.tomcat.util.threads.ThreadPoolExecutor$Worker.run(ThreadPoolExecutor.java:659)
	at org.apache.tomcat.util.threads.TaskThread$WrappingRunnable.run(TaskThread.java:61)
	at java.lang.Thread.run(Thread.java:750)
2025-06-23 19:17:56.873 WARN  [Thread-60] com.alibaba.nacos.common.notify.NotifyCenter - [NotifyCenter] Start destroying Publisher
2025-06-23 19:17:56.860 ERROR [http-nio-48012-exec-2] o.a.c.c.C.[.[localhost].[/].[dispatcherServlet] - Servlet.service() for servlet [dispatcherServlet] in context with path [] threw exception [Request processing failed; nested exception is java.lang.NullPointerException] with root cause
java.lang.NullPointerException: null
	at com.changgeng.prompt.controller.PromptController.titleGenerate(PromptController.java:59)
	at sun.reflect.NativeMethodAccessorImpl.invoke0(Native Method)
	at sun.reflect.NativeMethodAccessorImpl.invoke(NativeMethodAccessorImpl.java:62)
	at sun.reflect.DelegatingMethodAccessorImpl.invoke(DelegatingMethodAccessorImpl.java:43)
	at java.lang.reflect.Method.invoke(Method.java:498)
	at org.springframework.web.method.support.InvocableHandlerMethod.doInvoke(InvocableHandlerMethod.java:205)
	at org.springframework.web.method.support.InvocableHandlerMethod.invokeForRequest(InvocableHandlerMethod.java:150)
	at org.springframework.web.servlet.mvc.method.annotation.ServletInvocableHandlerMethod.invokeAndHandle(ServletInvocableHandlerMethod.java:117)
	at org.springframework.web.servlet.mvc.method.annotation.RequestMappingHandlerAdapter.invokeHandlerMethod(RequestMappingHandlerAdapter.java:895)
	at org.springframework.web.servlet.mvc.method.annotation.RequestMappingHandlerAdapter.handleInternal(RequestMappingHandlerAdapter.java:808)
	at org.springframework.web.servlet.mvc.method.AbstractHandlerMethodAdapter.handle(AbstractHandlerMethodAdapter.java:87)
	at org.springframework.web.servlet.DispatcherServlet.doDispatch(DispatcherServlet.java:1067)
	at org.springframework.web.servlet.DispatcherServlet.doService(DispatcherServlet.java:963)
	at org.springframework.web.servlet.FrameworkServlet.processRequest(FrameworkServlet.java:1006)
	at org.springframework.web.servlet.FrameworkServlet.doPost(FrameworkServlet.java:909)
	at javax.servlet.http.HttpServlet.service(HttpServlet.java:681)
	at org.springframework.web.servlet.FrameworkServlet.service(FrameworkServlet.java:883)
	at javax.servlet.http.HttpServlet.service(HttpServlet.java:764)
	at org.apache.catalina.core.ApplicationFilterChain.internalDoFilter(ApplicationFilterChain.java:227)
	at org.apache.catalina.core.ApplicationFilterChain.doFilter(ApplicationFilterChain.java:162)
	at org.apache.tomcat.websocket.server.WsFilter.doFilter(WsFilter.java:53)
	at org.apache.catalina.core.ApplicationFilterChain.internalDoFilter(ApplicationFilterChain.java:189)
	at org.apache.catalina.core.ApplicationFilterChain.doFilter(ApplicationFilterChain.java:162)
	at org.springframework.web.filter.RequestContextFilter.doFilterInternal(RequestContextFilter.java:100)
	at org.springframework.web.filter.OncePerRequestFilter.doFilter(OncePerRequestFilter.java:117)
	at org.apache.catalina.core.ApplicationFilterChain.internalDoFilter(ApplicationFilterChain.java:189)
	at org.apache.catalina.core.ApplicationFilterChain.doFilter(ApplicationFilterChain.java:162)
	at org.springframework.web.filter.FormContentFilter.doFilterInternal(FormContentFilter.java:93)
	at org.springframework.web.filter.OncePerRequestFilter.doFilter(OncePerRequestFilter.java:117)
	at org.apache.catalina.core.ApplicationFilterChain.internalDoFilter(ApplicationFilterChain.java:189)
	at org.apache.catalina.core.ApplicationFilterChain.doFilter(ApplicationFilterChain.java:162)
	at org.springframework.web.filter.CharacterEncodingFilter.doFilterInternal(CharacterEncodingFilter.java:201)
	at org.springframework.web.filter.OncePerRequestFilter.doFilter(OncePerRequestFilter.java:117)
	at org.apache.catalina.core.ApplicationFilterChain.internalDoFilter(ApplicationFilterChain.java:189)
	at org.apache.catalina.core.ApplicationFilterChain.doFilter(ApplicationFilterChain.java:162)
	at org.apache.catalina.core.StandardWrapperValve.invoke(StandardWrapperValve.java:197)
	at org.apache.catalina.core.StandardContextValve.invoke(StandardContextValve.java:97)
	at org.apache.catalina.authenticator.AuthenticatorBase.invoke(AuthenticatorBase.java:541)
	at org.apache.catalina.core.StandardHostValve.invoke(StandardHostValve.java:135)
	at org.apache.catalina.valves.ErrorReportValve.invoke(ErrorReportValve.java:92)
	at org.apache.catalina.core.StandardEngineValve.invoke(StandardEngineValve.java:78)
	at org.apache.catalina.connector.CoyoteAdapter.service(CoyoteAdapter.java:360)
	at org.apache.coyote.http11.Http11Processor.service(Http11Processor.java:399)
	at org.apache.coyote.AbstractProcessorLight.process(AbstractProcessorLight.java:65)
	at org.apache.coyote.AbstractProtocol$ConnectionHandler.process(AbstractProtocol.java:890)
	at org.apache.tomcat.util.net.NioEndpoint$SocketProcessor.doRun(NioEndpoint.java:1743)
	at org.apache.tomcat.util.net.SocketProcessorBase.run(SocketProcessorBase.java:49)
	at org.apache.tomcat.util.threads.ThreadPoolExecutor.runWorker(ThreadPoolExecutor.java:1191)
	at org.apache.tomcat.util.threads.ThreadPoolExecutor$Worker.run(ThreadPoolExecutor.java:659)
	at org.apache.tomcat.util.threads.TaskThread$WrappingRunnable.run(TaskThread.java:61)
	at java.lang.Thread.run(Thread.java:750)
2025-06-23 19:17:56.876 WARN  [Thread-24] com.alibaba.nacos.common.http.HttpClientBeanHolder - [HttpClientBeanHolder] Start destroying common HttpClient
2025-06-23 19:17:56.887 WARN  [Thread-60] com.alibaba.nacos.common.notify.NotifyCenter - [NotifyCenter] Destruction of the end
2025-06-23 19:17:56.926 WARN  [Thread-24] com.alibaba.nacos.common.http.HttpClientBeanHolder - [HttpClientBeanHolder] Destruction of the end
2025-06-23 19:17:58.145 INFO  [SpringApplicationShutdownHook] c.a.cloud.nacos.registry.NacosServiceRegistry - De-registering from Nacos Server now...
2025-06-23 19:17:58.193 INFO  [SpringApplicationShutdownHook] c.a.cloud.nacos.registry.NacosServiceRegistry - De-registration finished.
2025-06-23 19:19:25.459 WARN  [main] c.a.cloud.nacos.client.NacosPropertySourceBuilder - Ignore the empty nacos configuration and get it based on dataId[prompt.yaml] & group[DEFAULT_GROUP]
2025-06-23 19:19:25.462 INFO  [main] o.s.c.b.c.PropertySourceBootstrapConfiguration - Located property source: [BootstrapPropertySource {name='bootstrapProperties-prompt.yaml,DEFAULT_GROUP'}, BootstrapPropertySource {name='bootstrapProperties-prompt,DEFAULT_GROUP'}]
2025-06-23 19:19:25.480 INFO  [main] com.changgeng.prompt.PromptApplication - No active profile set, falling back to 1 default profile: "default"
2025-06-23 19:19:26.172 INFO  [main] o.springframework.cloud.context.scope.GenericScope - BeanFactory id=c675c3fd-7c4d-382e-9cbf-c502512efe10
2025-06-23 19:19:26.478 INFO  [main] o.s.boot.web.embedded.tomcat.TomcatWebServer - Tomcat initialized with port(s): 48012 (http)
2025-06-23 19:19:26.485 INFO  [main] org.apache.coyote.http11.Http11NioProtocol - Initializing ProtocolHandler ["http-nio-48012"]
2025-06-23 19:19:26.485 INFO  [main] org.apache.catalina.core.StandardService - Starting service [Tomcat]
2025-06-23 19:19:26.485 INFO  [main] org.apache.catalina.core.StandardEngine - Starting Servlet engine: [Apache Tomcat/9.0.62]
2025-06-23 19:19:26.675 INFO  [main] o.a.c.core.ContainerBase.[Tomcat].[localhost].[/] - Initializing Spring embedded WebApplicationContext
2025-06-23 19:19:26.676 INFO  [main] o.s.b.w.s.c.ServletWebServerApplicationContext - Root WebApplicationContext: initialization completed in 1151 ms
2025-06-23 19:19:32.697 INFO  [main] org.apache.coyote.http11.Http11NioProtocol - Starting ProtocolHandler ["http-nio-48012"]
2025-06-23 19:19:32.739 INFO  [main] o.s.boot.web.embedded.tomcat.TomcatWebServer - Tomcat started on port(s): 48012 (http) with context path ''
2025-06-23 19:19:32.775 INFO  [main] c.a.cloud.nacos.registry.NacosServiceRegistry - nacos registry, DEFAULT_GROUP prompt 192.168.0.58:48012 register finished
2025-06-23 19:19:32.809 INFO  [main] com.changgeng.prompt.PromptApplication - Started PromptApplication in 29.088 seconds (JVM running for 35.044)
2025-06-23 19:19:32.818 INFO  [main] c.a.cloud.nacos.refresh.NacosContextRefresher - listening config: dataId=prompt.yaml, group=DEFAULT_GROUP
2025-06-23 19:19:32.819 INFO  [main] c.a.cloud.nacos.refresh.NacosContextRefresher - listening config: dataId=prompt, group=DEFAULT_GROUP
2025-06-23 19:20:00.170 INFO  [http-nio-48012-exec-1] o.a.c.core.ContainerBase.[Tomcat].[localhost].[/] - Initializing Spring DispatcherServlet 'dispatcherServlet'
2025-06-23 19:20:00.175 INFO  [http-nio-48012-exec-1] org.springframework.web.servlet.DispatcherServlet - Initializing Servlet 'dispatcherServlet'
2025-06-23 19:20:00.183 INFO  [http-nio-48012-exec-1] org.springframework.web.servlet.DispatcherServlet - Completed initialization in 8 ms
2025-06-23 19:21:01.009 INFO  [http-nio-48012-exec-1] com.changgeng.prompt.service.ReadPromptService - {"output":"[{\"answer_flag\":false,\"fault_suggestion\":\"对合成油箱及油雾分离器进行检修，排查异常原因\",\"id\":\"1\",\"ok_suggestion\":\"继续观察合成油箱及油雾分离器参数变化\",\"question\":\"合成油箱及油雾分离器参数是否正常？\",\"question_flag\":true},{\"answer_flag\":true,\"fault_suggestion\":\"排查离合器相关部件，确定温度异常原因并处理\",\"id\":\"2\",\"ok_suggestion\":\"持续监测离合器回油与供油温度差值\",\"question\":\"离合器回油与供油温度差值是否异常？\",\"question_flag\":false},{\"answer_flag\":false,\"fault_suggestion\":\"更换故障的温度探头\",\"id\":\"3\",\"ok_suggestion\":\"定期检查温度探头工作情况\",\"question\":\"离合器温度探头是否跳变？\",\"question_flag\":true},{\"answer_flag\":false,\"fault_suggestion\":\"检查相关控制回路和设备，解决异常问题\",\"id\":\"4\",\"ok_suggestion\":\"保持对VSV命令及反馈值、PS3排气压力的监测\",\"question\":\"VSV命令及反馈值、PS3排气压力是否正常？\",\"question_flag\":true},{\"answer_flag\":false,\"fault_suggestion\":\"对附件齿轮箱进行检查和维护，排查异常点\",\"id\":\"5\",\"ok_suggestion\":\"定期查看附件齿轮箱相关参数\",\"question\":\"附件齿轮箱回油温度及碎屑检测器阻值是否异常？\",\"question_flag\":true},{\"answer_flag\":false,\"fault_suggestion\":\"清洗或更换过滤器\",\"id\":\"6\",\"ok_suggestion\":\"定期对过滤器进行检查\",\"question\":\"离合器回油管线Y型过滤器是否有杂质？\",\"question_flag\":true},{\"answer_flag\":false,\"fault_suggestion\":\"修复连接不牢固或堵塞漏油的部位\",\"id\":\"7\",\"ok_suggestion\":\"日常巡检时关注管路情况\",\"question\":\"离合器供回油及进排气管路是否连接牢固、无堵塞漏油？\",\"question_flag\":true},{\"answer_flag\":false,\"fault_suggestion\":\"查找漏油点并进行密封处理\",\"id\":\"8\",\"ok_suggestion\":\"定期检查连接腔情况\",\"question\":\"离合器与附件齿轮箱连接腔是否有漏油？\",\"question_flag\":true},{\"answer_flag\":false,\"fault_suggestion\":\"对有碎屑和磨损的部件进行维修或更换\",\"id\":\"9\",\"ok_suggestion\":\"继续观察离合器内部情况\",\"question\":\"离合器内部是否有碎屑和磨损？\",\"question_flag\":true},{\"answer_flag\":false,\"fault_suggestion\":\"调整传动轴位移至符合标准\",\"id\":\"10\",\"ok_suggestion\":\"定期测量传动轴位移\",\"question\":\"离合器传动轴位移是否符合要求？\",\"question_flag\":true},{\"answer_flag\":true,\"fault_suggestion\":\"根据情况调整或更换离合器\",\"id\":\"11\",\"ok_suggestion\":\"持续监测离合器径向间隙\",\"question\":\"离合器径向间隙是否正常？\",\"question_flag\":false},{\"answer_flag\":false,\"fault_suggestion\":\"对磨损的部件进行维修或更换\",\"id\":\"12\",\"ok_suggestion\":\"定期检查离合器内部部件\",\"question\":\"离合器内部轴、轴承、腔体是否有异常磨损？\",\"question_flag\":true},{\"answer_flag\":true,\"fault_suggestion\":\"更换磨损及锈蚀的梳齿密封\",\"id\":\"13\",\"ok_suggestion\":\"采取防护措施，防止梳齿密封进一步损坏\",\"question\":\"离合器轴承梳齿密封是否有磨损及锈蚀？\",\"question_flag\":false}]"}
2025-06-23 19:22:45.779 WARN  [Thread-60] com.alibaba.nacos.common.notify.NotifyCenter - [NotifyCenter] Start destroying Publisher
2025-06-23 19:22:45.779 WARN  [Thread-24] com.alibaba.nacos.common.http.HttpClientBeanHolder - [HttpClientBeanHolder] Start destroying common HttpClient
2025-06-23 19:22:45.782 WARN  [Thread-60] com.alibaba.nacos.common.notify.NotifyCenter - [NotifyCenter] Destruction of the end
2025-06-23 19:22:45.784 WARN  [Thread-24] com.alibaba.nacos.common.http.HttpClientBeanHolder - [HttpClientBeanHolder] Destruction of the end
2025-06-23 19:22:46.539 WARN  [com.alibaba.nacos.client.Worker.longPolling.fixed-127.0.0.1_8848] c.a.cloud.nacos.client.NacosPropertySourceBuilder - Ignore the empty nacos configuration and get it based on dataId[prompt.yaml] & group[DEFAULT_GROUP]
2025-06-23 19:22:46.541 INFO  [com.alibaba.nacos.client.Worker.longPolling.fixed-127.0.0.1_8848] o.s.c.b.c.PropertySourceBootstrapConfiguration - Located property source: [BootstrapPropertySource {name='bootstrapProperties-prompt.yaml,DEFAULT_GROUP'}, BootstrapPropertySource {name='bootstrapProperties-prompt,DEFAULT_GROUP'}]
2025-06-23 19:22:46.548 INFO  [com.alibaba.nacos.client.Worker.longPolling.fixed-127.0.0.1_8848] org.springframework.boot.SpringApplication - No active profile set, falling back to 1 default profile: "default"
2025-06-23 19:22:46.605 ERROR [com.alibaba.nacos.client.Worker.longPolling.fixed-127.0.0.1_8848] org.springframework.boot.SpringApplication - Application run failed
java.lang.IllegalStateException: Shutdown in progress
	at org.springframework.util.Assert.state(Assert.java:76)
	at org.springframework.boot.SpringApplicationShutdownHook.assertNotInProgress(SpringApplicationShutdownHook.java:166)
	at org.springframework.boot.SpringApplicationShutdownHook.registerApplicationContext(SpringApplicationShutdownHook.java:75)
	at org.springframework.boot.SpringApplication.refreshContext(SpringApplication.java:413)
	at org.springframework.boot.SpringApplication.run(SpringApplication.java:303)
	at org.springframework.boot.builder.SpringApplicationBuilder.run(SpringApplicationBuilder.java:164)
	at org.springframework.cloud.context.refresh.LegacyContextRefresher.addConfigFilesToEnvironment(LegacyContextRefresher.java:78)
	at org.springframework.cloud.context.refresh.LegacyContextRefresher.updateEnvironment(LegacyContextRefresher.java:56)
	at org.springframework.cloud.context.refresh.ContextRefresher.refreshEnvironment(ContextRefresher.java:101)
	at org.springframework.cloud.context.refresh.ContextRefresher.refresh(ContextRefresher.java:94)
	at org.springframework.cloud.endpoint.event.RefreshEventListener.handle(RefreshEventListener.java:72)
	at org.springframework.cloud.endpoint.event.RefreshEventListener.onApplicationEvent(RefreshEventListener.java:61)
	at org.springframework.context.event.SimpleApplicationEventMulticaster.doInvokeListener(SimpleApplicationEventMulticaster.java:176)
	at org.springframework.context.event.SimpleApplicationEventMulticaster.invokeListener(SimpleApplicationEventMulticaster.java:169)
	at org.springframework.context.event.SimpleApplicationEventMulticaster.multicastEvent(SimpleApplicationEventMulticaster.java:143)
	at org.springframework.context.support.AbstractApplicationContext.publishEvent(AbstractApplicationContext.java:421)
	at org.springframework.context.support.AbstractApplicationContext.publishEvent(AbstractApplicationContext.java:378)
	at com.alibaba.cloud.nacos.refresh.NacosContextRefresher$1.innerReceive(NacosContextRefresher.java:120)
	at com.alibaba.nacos.api.config.listener.AbstractSharedListener.receiveConfigInfo(AbstractSharedListener.java:40)
	at com.alibaba.nacos.client.config.impl.CacheData$1.run(CacheData.java:210)
	at com.alibaba.nacos.client.config.impl.CacheData.safeNotifyListener(CacheData.java:241)
	at com.alibaba.nacos.client.config.impl.CacheData.checkListenerMd5(CacheData.java:180)
	at com.alibaba.nacos.client.config.impl.ClientWorker$LongPollingRunnable.run(ClientWorker.java:569)
	at java.util.concurrent.Executors$RunnableAdapter.call(Executors.java:511)
	at java.util.concurrent.FutureTask.run$$$capture(FutureTask.java:266)
	at java.util.concurrent.FutureTask.run(FutureTask.java)
	at java.util.concurrent.ScheduledThreadPoolExecutor$ScheduledFutureTask.access$201(ScheduledThreadPoolExecutor.java:180)
	at java.util.concurrent.ScheduledThreadPoolExecutor$ScheduledFutureTask.run(ScheduledThreadPoolExecutor.java:293)
	at java.util.concurrent.ThreadPoolExecutor.runWorker(ThreadPoolExecutor.java:1149)
	at java.util.concurrent.ThreadPoolExecutor$Worker.run(ThreadPoolExecutor.java:624)
	at java.lang.Thread.run(Thread.java:750)
2025-06-23 19:23:24.295 WARN  [main] c.a.cloud.nacos.client.NacosPropertySourceBuilder - Ignore the empty nacos configuration and get it based on dataId[prompt.yaml] & group[DEFAULT_GROUP]
2025-06-23 19:23:24.302 INFO  [main] o.s.c.b.c.PropertySourceBootstrapConfiguration - Located property source: [BootstrapPropertySource {name='bootstrapProperties-prompt.yaml,DEFAULT_GROUP'}, BootstrapPropertySource {name='bootstrapProperties-prompt,DEFAULT_GROUP'}]
2025-06-23 19:23:24.322 INFO  [main] com.changgeng.prompt.PromptApplication - No active profile set, falling back to 1 default profile: "default"
2025-06-23 19:23:25.066 INFO  [main] o.springframework.cloud.context.scope.GenericScope - BeanFactory id=c675c3fd-7c4d-382e-9cbf-c502512efe10
2025-06-23 19:23:25.380 INFO  [main] o.s.boot.web.embedded.tomcat.TomcatWebServer - Tomcat initialized with port(s): 48012 (http)
2025-06-23 19:23:25.387 INFO  [main] org.apache.coyote.http11.Http11NioProtocol - Initializing ProtocolHandler ["http-nio-48012"]
2025-06-23 19:23:25.388 INFO  [main] org.apache.catalina.core.StandardService - Starting service [Tomcat]
2025-06-23 19:23:25.388 INFO  [main] org.apache.catalina.core.StandardEngine - Starting Servlet engine: [Apache Tomcat/9.0.62]
2025-06-23 19:23:25.587 INFO  [main] o.a.c.core.ContainerBase.[Tomcat].[localhost].[/] - Initializing Spring embedded WebApplicationContext
2025-06-23 19:23:25.588 INFO  [main] o.s.b.w.s.c.ServletWebServerApplicationContext - Root WebApplicationContext: initialization completed in 1214 ms
2025-06-23 19:23:31.612 INFO  [main] org.apache.coyote.http11.Http11NioProtocol - Starting ProtocolHandler ["http-nio-48012"]
2025-06-23 19:23:31.656 INFO  [main] o.s.boot.web.embedded.tomcat.TomcatWebServer - Tomcat started on port(s): 48012 (http) with context path ''
2025-06-23 19:23:31.688 INFO  [main] c.a.cloud.nacos.registry.NacosServiceRegistry - nacos registry, DEFAULT_GROUP prompt 192.168.0.58:48012 register finished
2025-06-23 19:23:31.720 INFO  [main] com.changgeng.prompt.PromptApplication - Started PromptApplication in 29.067 seconds (JVM running for 35.092)
2025-06-23 19:23:31.730 INFO  [main] c.a.cloud.nacos.refresh.NacosContextRefresher - listening config: dataId=prompt.yaml, group=DEFAULT_GROUP
2025-06-23 19:23:31.732 INFO  [main] c.a.cloud.nacos.refresh.NacosContextRefresher - listening config: dataId=prompt, group=DEFAULT_GROUP
2025-06-23 19:23:59.031 INFO  [http-nio-48012-exec-3] o.a.c.core.ContainerBase.[Tomcat].[localhost].[/] - Initializing Spring DispatcherServlet 'dispatcherServlet'
2025-06-23 19:23:59.034 INFO  [http-nio-48012-exec-3] org.springframework.web.servlet.DispatcherServlet - Initializing Servlet 'dispatcherServlet'
2025-06-23 19:23:59.053 INFO  [http-nio-48012-exec-3] org.springframework.web.servlet.DispatcherServlet - Completed initialization in 19 ms
2025-06-23 19:24:41.761 INFO  [http-nio-48012-exec-3] com.changgeng.prompt.service.ReadPromptService - {"output":"{\"name\":\"西二线1#机组离合器温度高停机\"}"}
2025-06-23 19:25:06.154 WARN  [Thread-24] com.alibaba.nacos.common.http.HttpClientBeanHolder - [HttpClientBeanHolder] Start destroying common HttpClient
2025-06-23 19:25:06.153 WARN  [Thread-60] com.alibaba.nacos.common.notify.NotifyCenter - [NotifyCenter] Start destroying Publisher
2025-06-23 19:25:06.169 WARN  [Thread-60] com.alibaba.nacos.common.notify.NotifyCenter - [NotifyCenter] Destruction of the end
2025-06-23 19:25:06.186 WARN  [Thread-24] com.alibaba.nacos.common.http.HttpClientBeanHolder - [HttpClientBeanHolder] Destruction of the end
2025-06-23 19:25:08.212 INFO  [http-nio-48012-exec-3] com.changgeng.prompt.service.ReadPromptService - {"output":"{\"name\":\"西二线1#机组离合器温度高停机\"}"}
2025-06-23 19:28:24.678 WARN  [main] c.a.cloud.nacos.client.NacosPropertySourceBuilder - Ignore the empty nacos configuration and get it based on dataId[prompt.yaml] & group[DEFAULT_GROUP]
2025-06-23 19:28:24.680 INFO  [main] o.s.c.b.c.PropertySourceBootstrapConfiguration - Located property source: [BootstrapPropertySource {name='bootstrapProperties-prompt.yaml,DEFAULT_GROUP'}, BootstrapPropertySource {name='bootstrapProperties-prompt,DEFAULT_GROUP'}]
2025-06-23 19:28:24.696 INFO  [main] com.changgeng.prompt.PromptApplication - No active profile set, falling back to 1 default profile: "default"
2025-06-23 19:28:25.367 INFO  [main] o.springframework.cloud.context.scope.GenericScope - BeanFactory id=c675c3fd-7c4d-382e-9cbf-c502512efe10
2025-06-23 19:28:25.666 INFO  [main] o.s.boot.web.embedded.tomcat.TomcatWebServer - Tomcat initialized with port(s): 48012 (http)
2025-06-23 19:28:25.673 INFO  [main] org.apache.coyote.http11.Http11NioProtocol - Initializing ProtocolHandler ["http-nio-48012"]
2025-06-23 19:28:25.673 INFO  [main] org.apache.catalina.core.StandardService - Starting service [Tomcat]
2025-06-23 19:28:25.673 INFO  [main] org.apache.catalina.core.StandardEngine - Starting Servlet engine: [Apache Tomcat/9.0.62]
2025-06-23 19:28:25.874 INFO  [main] o.a.c.core.ContainerBase.[Tomcat].[localhost].[/] - Initializing Spring embedded WebApplicationContext
2025-06-23 19:28:25.875 INFO  [main] o.s.b.w.s.c.ServletWebServerApplicationContext - Root WebApplicationContext: initialization completed in 1154 ms
2025-06-23 19:28:31.929 INFO  [main] org.apache.coyote.http11.Http11NioProtocol - Starting ProtocolHandler ["http-nio-48012"]
2025-06-23 19:28:31.961 INFO  [main] o.s.boot.web.embedded.tomcat.TomcatWebServer - Tomcat started on port(s): 48012 (http) with context path ''
2025-06-23 19:28:31.989 INFO  [main] c.a.cloud.nacos.registry.NacosServiceRegistry - nacos registry, DEFAULT_GROUP prompt 192.168.0.58:48012 register finished
2025-06-23 19:28:32.011 INFO  [main] com.changgeng.prompt.PromptApplication - Started PromptApplication in 29.022 seconds (JVM running for 34.908)
2025-06-23 19:28:32.018 INFO  [main] c.a.cloud.nacos.refresh.NacosContextRefresher - listening config: dataId=prompt.yaml, group=DEFAULT_GROUP
2025-06-23 19:28:32.019 INFO  [main] c.a.cloud.nacos.refresh.NacosContextRefresher - listening config: dataId=prompt, group=DEFAULT_GROUP
2025-06-23 19:29:05.779 INFO  [http-nio-48012-exec-2] o.a.c.core.ContainerBase.[Tomcat].[localhost].[/] - Initializing Spring DispatcherServlet 'dispatcherServlet'
2025-06-23 19:29:05.783 INFO  [http-nio-48012-exec-2] org.springframework.web.servlet.DispatcherServlet - Initializing Servlet 'dispatcherServlet'
2025-06-23 19:29:05.793 INFO  [http-nio-48012-exec-2] org.springframework.web.servlet.DispatcherServlet - Completed initialization in 8 ms
2025-06-23 19:29:20.321 INFO  [http-nio-48012-exec-2] com.changgeng.prompt.service.ReadPromptService - {"output":"{\"name\":\"西二线1#机组离合器温度高停机\"}"}
